

Microchip MPLAB XC8 Assembler V2.31 build 20201012212115 
                                                                                               Wed Mar 17 17:36:35 2021

Microchip MPLAB XC8 C Compiler v2.31 (Free license) build 20201012212115 Og1 
     1                           	processor	18F45K50
     2                           	fnconf	rparam,??,?,0
     3                           	pagewidth 120
     4                           	opt	flic
     5                           	psect	cinit,global,reloc=2,class=CODE,delta=1
     6                           	psect	cstackCOMRAM,global,class=COMRAM,space=1,delta=1,lowdata,noexec
     7                           	psect	text0,global,reloc=2,class=CODE,delta=1
     8                           	psect	text1,global,reloc=2,class=CODE,delta=1
     9                           	psect	intcode,global,reloc=2,class=CODE,delta=1
    10                           	psect	intsave_regs,global,class=BIGRAM,space=1,delta=1,noexec
    11                           	psect	rparam,global,class=COMRAM,space=1,delta=1,noexec
    12                           	psect	temp,global,ovrld,common,class=COMRAM,space=1,delta=1
    13                           	psect	idloc,global,abs,ovrld,class=IDLOC,space=5,delta=1,noexec
    14                           	psect	config,global,abs,ovrld,class=CONFIG,space=4,delta=1,noexec
    15  0000                     
    16                           ; Version 2.20
    17                           ; Generated 05/05/2020 GMT
    18                           ; 
    19                           ; Copyright © 2020, Microchip Technology Inc. and its subsidiaries ("Microchip")
    20                           ; All rights reserved.
    21                           ; 
    22                           ; This software is developed by Microchip Technology Inc. and its subsidiaries ("Microch
      +                          ip").
    23                           ; 
    24                           ; Redistribution and use in source and binary forms, with or without modification, are
    25                           ; permitted provided that the following conditions are met:
    26                           ; 
    27                           ;     1. Redistributions of source code must retain the above copyright notice, this lis
      +                          t of
    28                           ;        conditions and the following disclaimer.
    29                           ; 
    30                           ;     2. Redistributions in binary form must reproduce the above copyright notice, this 
      +                          list
    31                           ;        of conditions and the following disclaimer in the documentation and/or other
    32                           ;        materials provided with the distribution.
    33                           ; 
    34                           ;     3. Microchip's name may not be used to endorse or promote products derived from th
      +                          is
    35                           ;        software without specific prior written permission.
    36                           ; 
    37                           ; THIS SOFTWARE IS PROVIDED BY MICROCHIP "AS IS" AND ANY EXPRESS OR IMPLIED WARRANTIES,
    38                           ; INCLUDING, BUT NOT LIMITED TO, THE IMPLIED WARRANTIES OF MERCHANTABILITY AND FITNESS F
      +                          OR
    39                           ; PURPOSE ARE DISCLAIMED.  IN NO EVENT SHALL MICROCHIP BE LIABLE FOR ANY DIRECT, INDIREC
      +                          T,
    40                           ; INCIDENTAL, SPECIAL, EXEMPLARY, OR CONSEQUENTIAL DAMAGES (INCLUDING BUT NOT LIMITED TO
    41                           ; PROCUREMENT OF SUBSTITUTE GOODS OR SERVICES; LOSS OF USE, DATA OR PROFITS; OR BUSINESS
    42                           ; INTERRUPTION) HOWSOEVER CAUSED AND ON ANY THEORY OF LIABILITY, WHETHER IN CONTRACT, ST
      +                          RICT
    43                           ; LIABILITY, OR TORT (INCLUDING NEGLIGENCE OR OTHERWISE) ARISING IN ANY WAY OUT OF THE U
      +                          SE OF
    44                           ; THIS SOFTWARE, EVEN IF ADVISED OF THE POSSIBILITY OF SUCH DAMAGE.
    45                           ; 
    46                           ; 
    47                           ; Code-generator required, PIC18F45K50 Definitions
    48                           ; 
    49                           ; SFR Addresses
    50  0000                     _ANSELD	set	3934
    51  0000                     _ANSELB	set	3932
    52  0000                     _ANSELA	set	3931
    53  0000                     _PORTA	set	3968
    54  0000                     _RCONbits	set	4048
    55  0000                     _INTCON3	set	4080
    56  0000                     _INTCON	set	4082
    57  0000                     _LATD	set	3980
    58  0000                     _LATA	set	3977
    59  0000                     _TRISD	set	3989
    60  0000                     _TRISB	set	3987
    61  0000                     _TRISA	set	3986
    62  0000                     _INTCON3bits	set	4080
    63  0000                     _PORTD	set	3971
    64  0000                     _INTCONbits	set	4082
    65                           
    66                           ; #config settings
    67                           
    68                           	psect	cinit
    69  0000E8                     __pcinit:
    70                           	callstack 0
    71  0000E8                     start_initialization:
    72                           	callstack 0
    73  0000E8                     __initialization:
    74                           	callstack 0
    75  0000E8                     end_of_initialization:
    76                           	callstack 0
    77  0000E8                     __end_of__initialization:
    78                           	callstack 0
    79  0000E8  9004               	bcf	int$flags,0,c	;clear compiler interrupt flag (level 1)
    80  0000EA  9204               	bcf	int$flags,1,c	;clear compiler interrupt flag (level 2)
    81  0000EC  0100               	movlb	0
    82  0000EE  EF64  F000         	goto	_main	;jump to C main() function
    83                           
    84                           	psect	cstackCOMRAM
    85  000001                     __pcstackCOMRAM:
    86                           	callstack 0
    87  000001                     ??_myHiIsr:
    88  000001                     
    89                           ; 1 bytes @ 0x0
    90  000001                     	ds	1
    91  000002                     myHiIsr@A:
    92                           	callstack 0
    93                           
    94                           ; 1 bytes @ 0x1
    95  000002                     	ds	1
    96  000003                     ??_main:
    97                           
    98                           ; 1 bytes @ 0x2
    99  000003                     	ds	1
   100                           
   101 ;;
   102 ;;Main: autosize = 0, tempsize = 1, incstack = 0, save=0
   103 ;;
   104 ;; *************** function _main *****************
   105 ;; Defined at:
   106 ;;		line 90 in file "Practica_3.c"
   107 ;; Parameters:    Size  Location     Type
   108 ;;		None
   109 ;; Auto vars:     Size  Location     Type
   110 ;;		None
   111 ;; Return value:  Size  Location     Type
   112 ;;                  1    wreg      void 
   113 ;; Registers used:
   114 ;;		wreg, status,2, status,0, cstack
   115 ;; Tracked objects:
   116 ;;		On entry : 0/0
   117 ;;		On exit  : 0/0
   118 ;;		Unchanged: 0/0
   119 ;; Data sizes:     COMRAM   BANK0   BANK1   BANK2   BANK3   BANK4   BANK5   BANK6   BANK7
   120 ;;      Params:         0       0       0       0       0       0       0       0       0
   121 ;;      Locals:         0       0       0       0       0       0       0       0       0
   122 ;;      Temps:          1       0       0       0       0       0       0       0       0
   123 ;;      Totals:         1       0       0       0       0       0       0       0       0
   124 ;;Total ram usage:        1 bytes
   125 ;; Hardware stack levels required when called:    2
   126 ;; This function calls:
   127 ;;		_Configuracion
   128 ;; This function is called by:
   129 ;;		Startup code after reset
   130 ;; This function uses a non-reentrant model
   131 ;;
   132                           
   133                           	psect	text0
   134  0000C8                     __ptext0:
   135                           	callstack 0
   136  0000C8                     _main:
   137                           	callstack 29
   138  0000C8                     
   139                           ;Practica_3.c: 92:     Configuracion();
   140  0000C8  EC4E  F000         	call	_Configuracion	;wreg free
   141  0000CC                     l766:
   142                           
   143                           ;Practica_3.c: 94:     {;Practica_3.c: 95:         PORTA ^= 1;
   144  0000CC  0E01               	movlw	1
   145  0000CE  1A80               	xorwf	128,f,c	;volatile
   146  0000D0                     
   147                           ;Practica_3.c: 96:         _delay((unsigned long)((500)*(1000000/4000.0)));
   148  0000D0  0EA3               	movlw	163
   149  0000D2  6E03               	movwf	??_main^0,c
   150  0000D4  0E55               	movlw	85
   151  0000D6                     u47:
   152  0000D6  2EE8               	decfsz	wreg,f,c
   153  0000D8  D7FE               	bra	u47
   154  0000DA  2E03               	decfsz	??_main^0,f,c
   155  0000DC  D7FC               	bra	u47
   156  0000DE  F000               	nop	
   157  0000E0  EF66  F000         	goto	l766
   158  0000E4  EF4C  F000         	goto	start
   159  0000E8                     __end_of_main:
   160                           	callstack 0
   161                           
   162 ;; *************** function _Configuracion *****************
   163 ;; Defined at:
   164 ;;		line 73 in file "Practica_3.c"
   165 ;; Parameters:    Size  Location     Type
   166 ;;		None
   167 ;; Auto vars:     Size  Location     Type
   168 ;;		None
   169 ;; Return value:  Size  Location     Type
   170 ;;                  1    wreg      void 
   171 ;; Registers used:
   172 ;;		wreg, status,2
   173 ;; Tracked objects:
   174 ;;		On entry : 0/0
   175 ;;		On exit  : 0/0
   176 ;;		Unchanged: 0/0
   177 ;; Data sizes:     COMRAM   BANK0   BANK1   BANK2   BANK3   BANK4   BANK5   BANK6   BANK7
   178 ;;      Params:         0       0       0       0       0       0       0       0       0
   179 ;;      Locals:         0       0       0       0       0       0       0       0       0
   180 ;;      Temps:          0       0       0       0       0       0       0       0       0
   181 ;;      Totals:         0       0       0       0       0       0       0       0       0
   182 ;;Total ram usage:        0 bytes
   183 ;; Hardware stack levels used:    1
   184 ;; Hardware stack levels required when called:    1
   185 ;; This function calls:
   186 ;;		Nothing
   187 ;; This function is called by:
   188 ;;		_main
   189 ;; This function uses a non-reentrant model
   190 ;;
   191                           
   192                           	psect	text1
   193  00009C                     __ptext1:
   194                           	callstack 0
   195  00009C                     _Configuracion:
   196                           	callstack 29
   197  00009C                     
   198                           ;Practica_3.c: 75:     TRISA=0;
   199  00009C  0E00               	movlw	0
   200  00009E  6E92               	movwf	146,c	;volatile
   201  0000A0                     
   202                           ;Practica_3.c: 76:     TRISB=0xFF;
   203  0000A0  6893               	setf	147,c	;volatile
   204                           
   205                           ;Practica_3.c: 77:     TRISD=0;
   206  0000A2  0E00               	movlw	0
   207  0000A4  6E95               	movwf	149,c	;volatile
   208                           
   209                           ;Practica_3.c: 78:     ANSELA=0;
   210  0000A6  0E00               	movlw	0
   211  0000A8  010F               	movlb	15	; () banked
   212  0000AA  6F5B               	movwf	91,b	;volatile
   213                           
   214                           ;Practica_3.c: 79:     ANSELB=0;
   215  0000AC  0E00               	movlw	0
   216  0000AE  6F5C               	movwf	92,b	;volatile
   217                           
   218                           ;Practica_3.c: 80:     ANSELD=0;
   219  0000B0  0E00               	movlw	0
   220  0000B2  6F5E               	movwf	94,b	;volatile
   221                           
   222                           ;Practica_3.c: 81:     LATA = 0;
   223  0000B4  0E00               	movlw	0
   224  0000B6  6E89               	movwf	137,c	;volatile
   225                           
   226                           ;Practica_3.c: 82:     LATD = 0;
   227  0000B8  0E00               	movlw	0
   228  0000BA  6E8C               	movwf	140,c	;volatile
   229                           
   230                           ;Practica_3.c: 84:     INTCON=0x08;
   231  0000BC  0E08               	movlw	8
   232  0000BE  6EF2               	movwf	242,c	;volatile
   233                           
   234                           ;Practica_3.c: 85:     INTCON3=0xD0;
   235  0000C0  0ED0               	movlw	208
   236  0000C2  6EF0               	movwf	240,c	;volatile
   237  0000C4                     
   238                           ; BSR set to: 15
   239                           ;Practica_3.c: 86:     RCONbits.IPEN = 0;
   240  0000C4  9ED0               	bcf	208,7,c	;volatile
   241  0000C6                     
   242                           ; BSR set to: 15
   243  0000C6  0012               	return		;funcret
   244  0000C8                     __end_of_Configuracion:
   245                           	callstack 0
   246                           
   247 ;; *************** function _myHiIsr *****************
   248 ;; Defined at:
   249 ;;		line 19 in file "Practica_3.c"
   250 ;; Parameters:    Size  Location     Type
   251 ;;		None
   252 ;; Auto vars:     Size  Location     Type
   253 ;;  A               1    1[COMRAM] unsigned char 
   254 ;; Return value:  Size  Location     Type
   255 ;;                  1    wreg      void 
   256 ;; Registers used:
   257 ;;		wreg, status,2, status,0
   258 ;; Tracked objects:
   259 ;;		On entry : 0/0
   260 ;;		On exit  : 0/0
   261 ;;		Unchanged: 0/0
   262 ;; Data sizes:     COMRAM   BANK0   BANK1   BANK2   BANK3   BANK4   BANK5   BANK6   BANK7
   263 ;;      Params:         0       0       0       0       0       0       0       0       0
   264 ;;      Locals:         1       0       0       0       0       0       0       0       0
   265 ;;      Temps:          1       0       0       0       0       0       0       0       0
   266 ;;      Totals:         2       0       0       0       0       0       0       0       0
   267 ;;Total ram usage:        2 bytes
   268 ;; Hardware stack levels used:    1
   269 ;; This function calls:
   270 ;;		Nothing
   271 ;; This function is called by:
   272 ;;		Interrupt level 2
   273 ;; This function uses a non-reentrant model
   274 ;;
   275                           
   276                           	psect	intcode
   277  000008                     __pintcode:
   278                           	callstack 0
   279  000008                     _myHiIsr:
   280                           	callstack 29
   281                           
   282                           ; BSR set to: 15
   283                           ;incstack = 0
   284  000008  8204               	bsf	int$flags,1,c	;set compiler interrupt flag (level 2)
   285  00000A                     
   286                           ;Practica_3.c: 21:     char A = 10;
   287  00000A  0E0A               	movlw	10
   288  00000C  6E02               	movwf	myHiIsr@A^0,c
   289  00000E                     
   290                           ;Practica_3.c: 22:     if(INTCONbits.INT0IF)
   291  00000E  A2F2               	btfss	242,1,c	;volatile
   292  000010  EF0C  F000         	goto	i2u1_41
   293  000014  EF0E  F000         	goto	i2u1_40
   294  000018                     i2u1_41:
   295  000018  EF41  F000         	goto	i2l762
   296  00001C                     i2u1_40:
   297  00001C  EF2C  F000         	goto	i2l756
   298  000020                     i2l744:
   299                           
   300                           ;Practica_3.c: 25:         {;Practica_3.c: 26:             PORTD = 0x33;
   301  000020  0E33               	movlw	51
   302  000022  6E83               	movwf	131,c	;volatile
   303  000024                     
   304                           ;Practica_3.c: 27:             _delay((unsigned long)((400)*(1000000/4000.0)));
   305  000024  0E82               	movlw	130
   306  000026  6E01               	movwf	??_myHiIsr^0,c
   307  000028  0EDE               	movlw	222
   308  00002A                     i2u5_47:
   309  00002A  2EE8               	decfsz	wreg,f,c
   310  00002C  D7FE               	bra	i2u5_47
   311  00002E  2E01               	decfsz	??_myHiIsr^0,f,c
   312  000030  D7FC               	bra	i2u5_47
   313  000032                     
   314                           ;Practica_3.c: 28:             PORTD = 0xCC;
   315  000032  0ECC               	movlw	204
   316  000034  6E83               	movwf	131,c	;volatile
   317                           
   318                           ;Practica_3.c: 29:             _delay((unsigned long)((400)*(1000000/4000.0)));
   319  000036  0E82               	movlw	130
   320  000038  6E01               	movwf	??_myHiIsr^0,c
   321  00003A  0EDE               	movlw	222
   322  00003C                     i2u6_47:
   323  00003C  2EE8               	decfsz	wreg,f,c
   324  00003E  D7FE               	bra	i2u6_47
   325  000040  2E01               	decfsz	??_myHiIsr^0,f,c
   326  000042  D7FC               	bra	i2u6_47
   327  000044                     
   328                           ;Practica_3.c: 30:             PORTD = 0x00;
   329  000044  0E00               	movlw	0
   330  000046  6E83               	movwf	131,c	;volatile
   331  000048                     
   332                           ;Practica_3.c: 31:             _delay((unsigned long)((400)*(1000000/4000.0)));
   333  000048  0E82               	movlw	130
   334  00004A  6E01               	movwf	??_myHiIsr^0,c
   335  00004C  0EDE               	movlw	222
   336  00004E                     i2u7_47:
   337  00004E  2EE8               	decfsz	wreg,f,c
   338  000050  D7FE               	bra	i2u7_47
   339  000052  2E01               	decfsz	??_myHiIsr^0,f,c
   340  000054  D7FC               	bra	i2u7_47
   341  000056                     
   342                           ;Practica_3.c: 32:             A -= 1;
   343  000056  0602               	decf	myHiIsr@A^0,f,c
   344  000058                     i2l756:
   345                           
   346                           ;Practica_3.c: 24:         while(A)
   347  000058  5002               	movf	myHiIsr@A^0,w,c
   348  00005A  A4D8               	btfss	status,2,c
   349  00005C  EF32  F000         	goto	i2u2_41
   350  000060  EF34  F000         	goto	i2u2_40
   351  000064                     i2u2_41:
   352  000064  EF10  F000         	goto	i2l744
   353  000068                     i2u2_40:
   354  000068  EF4A  F000         	goto	i2l45
   355  00006C                     i2l43:
   356                           
   357                           ;Practica_3.c: 38:         {;Practica_3.c: 39:             PORTD = A;
   358  00006C  C002  FF83         	movff	myHiIsr@A,3971	;volatile
   359  000070                     
   360                           ;Practica_3.c: 40:            _delay((unsigned long)((100)*(1000000/4000.0)));
   361  000070  0E21               	movlw	33
   362  000072  6E01               	movwf	??_myHiIsr^0,c
   363  000074  0E76               	movlw	118
   364  000076                     i2u8_47:
   365  000076  2EE8               	decfsz	wreg,f,c
   366  000078  D7FE               	bra	i2u8_47
   367  00007A  2E01               	decfsz	??_myHiIsr^0,f,c
   368  00007C  D7FC               	bra	i2u8_47
   369  00007E  D000               	nop2	
   370  000080                     
   371                           ;Practica_3.c: 41:            A -= 1;
   372  000080  0602               	decf	myHiIsr@A^0,f,c
   373  000082                     i2l762:
   374                           
   375                           ;Practica_3.c: 37:         while(A)
   376  000082  5002               	movf	myHiIsr@A^0,w,c
   377  000084  A4D8               	btfss	status,2,c
   378  000086  EF47  F000         	goto	i2u3_41
   379  00008A  EF49  F000         	goto	i2u3_40
   380  00008E                     i2u3_41:
   381  00008E  EF36  F000         	goto	i2l43
   382  000092                     i2u3_40:
   383  000092                     
   384                           ;Practica_3.c: 43:         INTCON3bits.INT1F=0;
   385  000092  90F0               	bcf	240,0,c	;volatile
   386  000094                     i2l45:
   387  000094  9204               	bcf	int$flags,1,c	;clear compiler interrupt flag (level 2)
   388  000096  0011               	retfie		f
   389  000098                     __end_of_myHiIsr:
   390                           	callstack 0
   391  0000                     
   392                           	psect	rparam
   393  0000                     
   394                           	psect	temp
   395  000004                     btemp:
   396                           	callstack 0
   397  000004                     	ds	1
   398  0000                     int$flags	set	btemp
   399  0000                     wtemp8	set	btemp+1
   400  0000                     ttemp5	set	btemp+1
   401  0000                     ttemp6	set	btemp+4
   402  0000                     ttemp7	set	btemp+8
   403                           
   404                           	psect	idloc
   405                           
   406                           ;Config register IDLOC0 @ 0x200000
   407                           ;	unspecified, using default values
   408  200000                     	org	2097152
   409  200000  FF                 	db	255
   410                           
   411                           ;Config register IDLOC1 @ 0x200001
   412                           ;	unspecified, using default values
   413  200001                     	org	2097153
   414  200001  FF                 	db	255
   415                           
   416                           ;Config register IDLOC2 @ 0x200002
   417                           ;	unspecified, using default values
   418  200002                     	org	2097154
   419  200002  FF                 	db	255
   420                           
   421                           ;Config register IDLOC3 @ 0x200003
   422                           ;	unspecified, using default values
   423  200003                     	org	2097155
   424  200003  FF                 	db	255
   425                           
   426                           ;Config register IDLOC4 @ 0x200004
   427                           ;	unspecified, using default values
   428  200004                     	org	2097156
   429  200004  FF                 	db	255
   430                           
   431                           ;Config register IDLOC5 @ 0x200005
   432                           ;	unspecified, using default values
   433  200005                     	org	2097157
   434  200005  FF                 	db	255
   435                           
   436                           ;Config register IDLOC6 @ 0x200006
   437                           ;	unspecified, using default values
   438  200006                     	org	2097158
   439  200006  FF                 	db	255
   440                           
   441                           ;Config register IDLOC7 @ 0x200007
   442                           ;	unspecified, using default values
   443  200007                     	org	2097159
   444  200007  FF                 	db	255
   445                           
   446                           	psect	config
   447                           
   448                           ;Config register CONFIG1L @ 0x300000
   449                           ;	unspecified, using default values
   450                           ;	PLL Selection
   451                           ;	PLLSEL = 0x0, unprogrammed default
   452                           ;	PLL Enable Configuration bit
   453                           ;	CFGPLLEN = 0x0, unprogrammed default
   454                           ;	CPU System Clock Postscaler
   455                           ;	CPUDIV = 0x0, unprogrammed default
   456                           ;	Low Speed USB mode with 48 MHz system clock
   457                           ;	LS48MHZ = 0x0, unprogrammed default
   458  300000                     	org	3145728
   459  300000  00                 	db	0
   460                           
   461                           ;Config register CONFIG1H @ 0x300001
   462                           ;	Oscillator Selection
   463                           ;	FOSC = INTOSCIO, Internal oscillator
   464                           ;	Primary Oscillator Shutdown
   465                           ;	PCLKEN = 0x1, unprogrammed default
   466                           ;	Fail-Safe Clock Monitor
   467                           ;	FCMEN = 0x0, unprogrammed default
   468                           ;	Internal/External Oscillator Switchover
   469                           ;	IESO = 0x0, unprogrammed default
   470  300001                     	org	3145729
   471  300001  28                 	db	40
   472                           
   473                           ;Config register CONFIG2L @ 0x300002
   474                           ;	unspecified, using default values
   475                           ;	Power-up Timer Enable
   476                           ;	nPWRTEN = 0x1, unprogrammed default
   477                           ;	Brown-out Reset Enable
   478                           ;	BOREN = 0x3, unprogrammed default
   479                           ;	Brown-out Reset Voltage
   480                           ;	BORV = 0x3, unprogrammed default
   481                           ;	Low-Power Brown-out Reset
   482                           ;	nLPBOR = 0x1, unprogrammed default
   483  300002                     	org	3145730
   484  300002  5F                 	db	95
   485                           
   486                           ;Config register CONFIG2H @ 0x300003
   487                           ;	Watchdog Timer Enable bits
   488                           ;	WDTEN = OFF, WDT disabled in hardware (SWDTEN ignored)
   489                           ;	Watchdog Timer Postscaler
   490                           ;	WDTPS = 0xF, unprogrammed default
   491  300003                     	org	3145731
   492  300003  3C                 	db	60
   493                           
   494                           ; Padding undefined space
   495  300004                     	org	3145732
   496  300004  FF                 	db	255
   497                           
   498                           ;Config register CONFIG3H @ 0x300005
   499                           ;	CCP2 MUX bit
   500                           ;	CCP2MX = 0x1, unprogrammed default
   501                           ;	PORTB A/D Enable bit
   502                           ;	PBADEN = 0x1, unprogrammed default
   503                           ;	Timer3 Clock Input MUX bit
   504                           ;	T3CMX = 0x1, unprogrammed default
   505                           ;	SDO Output MUX bit
   506                           ;	SDOMX = 0x1, unprogrammed default
   507                           ;	Master Clear Reset Pin Enable
   508                           ;	MCLRE = ON, MCLR pin enabled; RE3 input disabled
   509  300005                     	org	3145733
   510  300005  D3                 	db	211
   511                           
   512                           ;Config register CONFIG4L @ 0x300006
   513                           ;	Stack Full/Underflow Reset
   514                           ;	STVREN = 0x1, unprogrammed default
   515                           ;	Single-Supply ICSP Enable bit
   516                           ;	LVP = OFF, Single-Supply ICSP disabled
   517                           ;	Dedicated In-Circuit Debug/Programming Port Enable
   518                           ;	ICPRT = OFF, ICPORT disabled
   519                           ;	Extended Instruction Set Enable bit
   520                           ;	XINST = 0x0, unprogrammed default
   521                           ;	Background Debugger Enable bit
   522                           ;	DEBUG = 0x1, unprogrammed default
   523  300006                     	org	3145734
   524  300006  81                 	db	129
   525                           
   526                           ; Padding undefined space
   527  300007                     	org	3145735
   528  300007  FF                 	db	255
   529                           
   530                           ;Config register CONFIG5L @ 0x300008
   531                           ;	unspecified, using default values
   532                           ;	Block 0 Code Protect
   533                           ;	CP0 = 0x1, unprogrammed default
   534                           ;	Block 1 Code Protect
   535                           ;	CP1 = 0x1, unprogrammed default
   536                           ;	Block 2 Code Protect
   537                           ;	CP2 = 0x1, unprogrammed default
   538                           ;	Block 3 Code Protect
   539                           ;	CP3 = 0x1, unprogrammed default
   540  300008                     	org	3145736
   541  300008  0F                 	db	15
   542                           
   543                           ;Config register CONFIG5H @ 0x300009
   544                           ;	unspecified, using default values
   545                           ;	Boot Block Code Protect
   546                           ;	CPB = 0x1, unprogrammed default
   547                           ;	Data EEPROM Code Protect
   548                           ;	CPD = 0x1, unprogrammed default
   549  300009                     	org	3145737
   550  300009  C0                 	db	192
   551                           
   552                           ;Config register CONFIG6L @ 0x30000A
   553                           ;	unspecified, using default values
   554                           ;	Block 0 Write Protect
   555                           ;	WRT0 = 0x1, unprogrammed default
   556                           ;	Block 1 Write Protect
   557                           ;	WRT1 = 0x1, unprogrammed default
   558                           ;	Block 2 Write Protect
   559                           ;	WRT2 = 0x1, unprogrammed default
   560                           ;	Block 3 Write Protect
   561                           ;	WRT3 = 0x1, unprogrammed default
   562  30000A                     	org	3145738
   563  30000A  0F                 	db	15
   564                           
   565                           ;Config register CONFIG6H @ 0x30000B
   566                           ;	unspecified, using default values
   567                           ;	Configuration Registers Write Protect
   568                           ;	WRTC = 0x1, unprogrammed default
   569                           ;	Boot Block Write Protect
   570                           ;	WRTB = 0x1, unprogrammed default
   571                           ;	Data EEPROM Write Protect
   572                           ;	WRTD = 0x1, unprogrammed default
   573  30000B                     	org	3145739
   574  30000B  E0                 	db	224
   575                           
   576                           ;Config register CONFIG7L @ 0x30000C
   577                           ;	unspecified, using default values
   578                           ;	Block 0 Table Read Protect
   579                           ;	EBTR0 = 0x1, unprogrammed default
   580                           ;	Block 1 Table Read Protect
   581                           ;	EBTR1 = 0x1, unprogrammed default
   582                           ;	Block 2 Table Read Protect
   583                           ;	EBTR2 = 0x1, unprogrammed default
   584                           ;	Block 3 Table Read Protect
   585                           ;	EBTR3 = 0x1, unprogrammed default
   586  30000C                     	org	3145740
   587  30000C  0F                 	db	15
   588                           
   589                           ;Config register CONFIG7H @ 0x30000D
   590                           ;	unspecified, using default values
   591                           ;	Boot Block Table Read Protect
   592                           ;	EBTRB = 0x1, unprogrammed default
   593  30000D                     	org	3145741
   594  30000D  40                 	db	64
   595                           tosu	equ	0xFFF
   596                           tosh	equ	0xFFE
   597                           tosl	equ	0xFFD
   598                           stkptr	equ	0xFFC
   599                           pclatu	equ	0xFFB
   600                           pclath	equ	0xFFA
   601                           pcl	equ	0xFF9
   602                           tblptru	equ	0xFF8
   603                           tblptrh	equ	0xFF7
   604                           tblptrl	equ	0xFF6
   605                           tablat	equ	0xFF5
   606                           prodh	equ	0xFF4
   607                           prodl	equ	0xFF3
   608                           indf0	equ	0xFEF
   609                           postinc0	equ	0xFEE
   610                           postdec0	equ	0xFED
   611                           preinc0	equ	0xFEC
   612                           plusw0	equ	0xFEB
   613                           fsr0h	equ	0xFEA
   614                           fsr0l	equ	0xFE9
   615                           wreg	equ	0xFE8
   616                           indf1	equ	0xFE7
   617                           postinc1	equ	0xFE6
   618                           postdec1	equ	0xFE5
   619                           preinc1	equ	0xFE4
   620                           plusw1	equ	0xFE3
   621                           fsr1h	equ	0xFE2
   622                           fsr1l	equ	0xFE1
   623                           bsr	equ	0xFE0
   624                           indf2	equ	0xFDF
   625                           postinc2	equ	0xFDE
   626                           postdec2	equ	0xFDD
   627                           preinc2	equ	0xFDC
   628                           plusw2	equ	0xFDB
   629                           fsr2h	equ	0xFDA
   630                           fsr2l	equ	0xFD9
   631                           status	equ	0xFD8

Data Sizes:
    Strings     0
    Constant    0
    Data        0
    BSS         0
    Persistent  0
    Stack       0

Auto Spaces:
    Space          Size  Autos    Used
    COMRAM           94      3       3
    BANK0           160      0       0
    BANK1           256      0       0
    BANK2           256      0       0
    BANK3           256      0       0
    BANK4           256      0       0
    BANK5           256      0       0
    BANK6           256      0       0
    BANK7           256      0       0

Pointer List with Targets:

    None.

Critical Paths under _main in COMRAM

    None.

Critical Paths under _myHiIsr in COMRAM

    None.

Critical Paths under _main in BANK0

    None.

Critical Paths under _myHiIsr in BANK0

    None.

Critical Paths under _main in BANK1

    None.

Critical Paths under _myHiIsr in BANK1

    None.

Critical Paths under _main in BANK2

    None.

Critical Paths under _myHiIsr in BANK2

    None.

Critical Paths under _main in BANK3

    None.

Critical Paths under _myHiIsr in BANK3

    None.

Critical Paths under _main in BANK4

    None.

Critical Paths under _myHiIsr in BANK4

    None.

Critical Paths under _main in BANK5

    None.

Critical Paths under _myHiIsr in BANK5

    None.

Critical Paths under _main in BANK6

    None.

Critical Paths under _myHiIsr in BANK6

    None.

Critical Paths under _main in BANK7

    None.

Critical Paths under _myHiIsr in BANK7

    None.

Call Graph Tables:

 ---------------------------------------------------------------------------------
 (Depth) Function   	        Calls       Base Space   Used Autos Params    Refs
 ---------------------------------------------------------------------------------
 (0) _main                                                 1     1      0       0
                                              2 COMRAM     1     1      0
                      _Configuracion
 ---------------------------------------------------------------------------------
 (1) _Configuracion                                        0     0      0       0
 ---------------------------------------------------------------------------------
 Estimated maximum stack depth 1
 ---------------------------------------------------------------------------------
 (Depth) Function   	        Calls       Base Space   Used Autos Params    Refs
 ---------------------------------------------------------------------------------
 (2) _myHiIsr                                              2     2      0      45
                                              0 COMRAM     2     2      0
 ---------------------------------------------------------------------------------
 Estimated maximum stack depth 2
 ---------------------------------------------------------------------------------

 Call Graph Graphs:

 _main (ROOT)
   _Configuracion

 _myHiIsr (ROOT)

 Address spaces:
Name               Size   Autos  Total    Cost      Usage
BITCOMRAM           5E      0       0       0        0.0%
EEDATA             100      0       0       0        0.0%
NULL                 0      0       0       0        0.0%
CODE                 0      0       0       0        0.0%
COMRAM              5E      3       3       1        3.2%
STACK                0      0       0       2        0.0%
DATA                 0      0       0       3        0.0%
BITBANK0            A0      0       0       4        0.0%
BANK0               A0      0       0       5        0.0%
ABS                  0      0       0       6        0.0%
BITBANK1           100      0       0       7        0.0%
BANK1              100      0       0       8        0.0%
BITBANK2           100      0       0       9        0.0%
BANK2              100      0       0      10        0.0%
BITBANK3           100      0       0      11        0.0%
BANK3              100      0       0      12        0.0%
BITBANK4           100      0       0      13        0.0%
BANK4              100      0       0      14        0.0%
BITBANK5           100      0       0      15        0.0%
BANK5              100      0       0      16        0.0%
BITBANK6           100      0       0      17        0.0%
BANK6              100      0       0      18        0.0%
BITBANK7           100      0       0      19        0.0%
BANK7              100      0       0      20        0.0%
BIGRAM             7FF      0       0      21        0.0%
BITSFR_1             0      0       0     200        0.0%
SFR_1                0      0       0     200        0.0%
BITSFR               0      0       0     200        0.0%
SFR                  0      0       0     200        0.0%


Microchip Technology PIC18 Macro Assembler V2.31 build 20201012212115 
Symbol Table                                                                                   Wed Mar 17 17:36:35 2021

                     l48 00C6                       u47 00D6                      l732 009C  
                    l734 00A0                      l736 00C4                      l764 00C8  
                    l766 00CC                      l768 00D0                      wreg 000FE8  
                   _LATA 000F89                     _LATD 000F8C                     i2l43 006C  
                   i2l44 0092                     i2l45 0094                     _main 00C8  
                   btemp 0004                     start 0098             ___param_bank 000000  
                  ?_main 0001                    i2l740 000E                    i2l750 0044  
                  i2l760 0080                    i2l752 0048                    i2l744 0020  
                  i2l754 0056                    i2l746 0024                    i2l762 0082  
                  i2l738 000A                    i2l748 0032                    i2l756 0058  
                  i2l758 0070                    _PORTA 000F80                    _PORTD 000F83  
                  _TRISA 000F92                    _TRISB 000F93                    _TRISD 000F95  
        __end_of_myHiIsr 0098                    ttemp5 0005                    ttemp6 0008  
                  ttemp7 000C                    status 000FD8                    wtemp8 0005  
        __initialization 00E8             __end_of_main 00E8                   ??_main 0003  
          __activetblptr 000000                   _ANSELA 000F5B                   _ANSELB 000F5C  
                 _ANSELD 000F5E                   _INTCON 000FF2                   i2u1_40 001C  
                 i2u1_41 0018                   i2u2_40 0068                   i2u2_41 0064  
                 i2u3_40 0092                   i2u3_41 008E                   i2u5_47 002A  
                 i2u6_47 003C                   i2u7_47 004E                   i2u8_47 0076  
              ??_myHiIsr 0001               __accesstop 0060  __end_of__initialization 00E8  
          ___rparam_used 000001           __pcstackCOMRAM 0001    __end_of_Configuracion 00C8  
                _INTCON3 000FF0                  __Hparam 0000                  __Lparam 0000  
                __pcinit 00E8                  __ramtop 0800                  __ptext0 00C8  
                __ptext1 009C                  _myHiIsr 0008     end_of_initialization 00E8  
    start_initialization 00E8                __pintcode 0008   __size_of_Configuracion 002C  
               ?_myHiIsr 0001                 _RCONbits 000FD0              _INTCON3bits 000FF0  
          _Configuracion 009C                 __Hrparam 0000                 __Lrparam 0000  
       __size_of_myHiIsr 0090           ?_Configuracion 0001            __size_of_main 0020  
               int$flags 0004               _INTCONbits 000FF2                 myHiIsr@A 0002  
               intlevel2 0000          ??_Configuracion 0003  
